2014/01/14 13:33:09 [error] [system.db.CDbCommand] CDbCommand::fetchAll() failed: SQLSTATE[42S02]: Base table or view not found: 1146 Table 'food.TB_RESTAURANT' doesn't exist. The SQL statement executed was: SHOW FULL COLUMNS FROM `TB_RESTAURANT`.
in /Applications/MAMP/htdocs/taxyfood/index.php (13)
2014/01/14 13:33:09 [error] [system.db.CDbCommand] CDbCommand::fetchAll() failed: SQLSTATE[42S02]: Base table or view not found: 1146 Table 'food.TB_ROLE' doesn't exist. The SQL statement executed was: SHOW FULL COLUMNS FROM `TB_ROLE`.
in /Applications/MAMP/htdocs/taxyfood/index.php (13)
2014/01/14 13:33:09 [error] [system.db.CDbCommand] CDbCommand::fetchAll() failed: SQLSTATE[42S02]: Base table or view not found: 1146 Table 'food.TB_USER' doesn't exist. The SQL statement executed was: SHOW FULL COLUMNS FROM `TB_USER`.
in /Applications/MAMP/htdocs/taxyfood/index.php (13)
2014/01/14 13:33:09 [error] [system.db.CDbCommand] CDbCommand::fetchAll() failed: SQLSTATE[42S02]: Base table or view not found: 1146 Table 'food.TB_USER_RESTAURANT' doesn't exist. The SQL statement executed was: SHOW FULL COLUMNS FROM `TB_USER_RESTAURANT`.
in /Applications/MAMP/htdocs/taxyfood/index.php (13)
2014/01/14 13:33:56 [error] [system.db.CDbCommand] CDbCommand::fetchAll() failed: SQLSTATE[42S02]: Base table or view not found: 1146 Table 'food.TB_USER' doesn't exist. The SQL statement executed was: SHOW FULL COLUMNS FROM `TB_USER`.
in /Applications/MAMP/htdocs/taxyfood/index.php (13)
2014/01/14 13:33:56 [error] [system.db.CDbCommand] CDbCommand::fetchAll() failed: SQLSTATE[42S02]: Base table or view not found: 1146 Table 'food.TB_RESTAURANT' doesn't exist. The SQL statement executed was: SHOW FULL COLUMNS FROM `TB_RESTAURANT`.
in /Applications/MAMP/htdocs/taxyfood/index.php (13)
2014/01/14 13:33:56 [error] [system.db.CDbCommand] CDbCommand::fetchAll() failed: SQLSTATE[42S02]: Base table or view not found: 1146 Table 'food.TB_ROLE' doesn't exist. The SQL statement executed was: SHOW FULL COLUMNS FROM `TB_ROLE`.
in /Applications/MAMP/htdocs/taxyfood/index.php (13)
2014/01/14 13:33:56 [error] [system.db.CDbCommand] CDbCommand::fetchAll() failed: SQLSTATE[42S02]: Base table or view not found: 1146 Table 'food.TB_USER' doesn't exist. The SQL statement executed was: SHOW FULL COLUMNS FROM `TB_USER`.
in /Applications/MAMP/htdocs/taxyfood/index.php (13)
2014/01/14 13:33:56 [error] [system.db.CDbCommand] CDbCommand::fetchAll() failed: SQLSTATE[42S02]: Base table or view not found: 1146 Table 'food.TB_USER_RESTAURANT' doesn't exist. The SQL statement executed was: SHOW FULL COLUMNS FROM `TB_USER_RESTAURANT`.
in /Applications/MAMP/htdocs/taxyfood/index.php (13)
2014/01/14 14:09:03 [error] [system.db.CDbCommand] CDbCommand::fetchAll() failed: SQLSTATE[42S02]: Base table or view not found: 1146 Table 'FOOD.TB_Role' doesn't exist. The SQL statement executed was: SHOW FULL COLUMNS FROM `TB_Role`.
in /Applications/MAMP/htdocs/taxyfood/index.php (13)
2014/01/14 14:23:25 [error] [exception.CHttpException.403] exception 'CHttpException' with message 'You are not authorized to perform this action.' in /Applications/MAMP/htdocs/yii/framework/web/auth/CAccessControlFilter.php:182
Stack trace:
#0 /Applications/MAMP/htdocs/yii/framework/web/auth/CAccessControlFilter.php(145): CAccessControlFilter->accessDenied(Object(CWebUser), 'You are not aut...')
#1 /Applications/MAMP/htdocs/yii/framework/web/filters/CFilter.php(38): CAccessControlFilter->preFilter(Object(CFilterChain))
#2 /Applications/MAMP/htdocs/yii/framework/web/CController.php(1145): CFilter->filter(Object(CFilterChain))
#3 /Applications/MAMP/htdocs/yii/framework/web/filters/CInlineFilter.php(58): CController->filterAccessControl(Object(CFilterChain))
#4 /Applications/MAMP/htdocs/yii/framework/web/filters/CFilterChain.php(130): CInlineFilter->filter(Object(CFilterChain))
#5 /Applications/MAMP/htdocs/yii/framework/web/CController.php(291): CFilterChain->run()
#6 /Applications/MAMP/htdocs/yii/framework/web/CController.php(265): CController->runActionWithFilters(Object(CInlineAction), Array)
#7 /Applications/MAMP/htdocs/yii/framework/web/CWebApplication.php(282): CController->run('admin')
#8 /Applications/MAMP/htdocs/yii/framework/web/CWebApplication.php(141): CWebApplication->runController('user/admin')
#9 /Applications/MAMP/htdocs/yii/framework/base/CApplication.php(180): CWebApplication->processRequest()
#10 /Applications/MAMP/htdocs/taxyfood/index.php(13): CApplication->run()
#11 {main}
REQUEST_URI=/taxyfood/index.php?r=user/admin
HTTP_REFERER=http://localhost:8888/taxyfood/index.php?r=user
---
2014/01/14 14:30:03 [error] [exception.CHttpException.403] exception 'CHttpException' with message 'You are not authorized to perform this action.' in /Applications/MAMP/htdocs/yii/framework/web/auth/CAccessControlFilter.php:182
Stack trace:
#0 /Applications/MAMP/htdocs/yii/framework/web/auth/CAccessControlFilter.php(145): CAccessControlFilter->accessDenied(Object(CWebUser), 'You are not aut...')
#1 /Applications/MAMP/htdocs/yii/framework/web/filters/CFilter.php(38): CAccessControlFilter->preFilter(Object(CFilterChain))
#2 /Applications/MAMP/htdocs/yii/framework/web/CController.php(1145): CFilter->filter(Object(CFilterChain))
#3 /Applications/MAMP/htdocs/yii/framework/web/filters/CInlineFilter.php(58): CController->filterAccessControl(Object(CFilterChain))
#4 /Applications/MAMP/htdocs/yii/framework/web/filters/CFilterChain.php(130): CInlineFilter->filter(Object(CFilterChain))
#5 /Applications/MAMP/htdocs/yii/framework/web/CController.php(291): CFilterChain->run()
#6 /Applications/MAMP/htdocs/yii/framework/web/CController.php(265): CController->runActionWithFilters(Object(CInlineAction), Array)
#7 /Applications/MAMP/htdocs/yii/framework/web/CWebApplication.php(282): CController->run('admin')
#8 /Applications/MAMP/htdocs/yii/framework/web/CWebApplication.php(141): CWebApplication->runController('user/admin')
#9 /Applications/MAMP/htdocs/yii/framework/base/CApplication.php(180): CWebApplication->processRequest()
#10 /Applications/MAMP/htdocs/taxyfood/index.php(13): CApplication->run()
#11 {main}
REQUEST_URI=/taxyfood/index.php?r=user/admin
HTTP_REFERER=http://localhost:8888/taxyfood/index.php?r=user
---
2014/01/17 10:49:29 [error] [exception.CException] exception 'CException' with message 'Property "ContactForm.textField" is not defined.' in /Applications/MAMP/htdocs/yii/framework/base/CComponent.php:130
Stack trace:
#0 /Applications/MAMP/htdocs/yii/framework/web/helpers/CHtml.php(2529): CComponent->__get('textField')
#1 /Applications/MAMP/htdocs/yii/framework/web/helpers/CHtml.php(2252): CHtml::resolveValue(Object(ContactForm), 'textField')
#2 /Applications/MAMP/htdocs/yii/framework/web/helpers/CHtml.php(1434): CHtml::activeInputField('text', Object(ContactForm), 'textField', Array)
#3 /Applications/MAMP/htdocs/yii/framework/web/widgets/CActiveForm.php(725): CHtml::activeTextField(Object(ContactForm), 'textField', Array)
#4 [internal function]: CActiveForm->textField(Object(ContactForm), 'textField', Array)
#5 /Applications/MAMP/htdocs/taxyfood/protected/extensions/yiibooster-2.1.1/widgets/TbActiveForm.php(1147): call_user_func_array(Array, Array)
#6 /Applications/MAMP/htdocs/taxyfood/protected/extensions/yiibooster-2.1.1/widgets/TbActiveForm.php(1096): TbActiveForm->horizontalFieldRow(Array, Object(ContactForm), 'textField', Array)
#7 /Applications/MAMP/htdocs/taxyfood/protected/extensions/yiibooster-2.1.1/widgets/TbActiveForm.php(375): TbActiveForm->customFieldRowInternal(Array, Object(ContactForm), 'textField', Array)
#8 /Applications/MAMP/htdocs/taxyfood/protected/views/site/contact.php(161): TbActiveForm->textFieldRow(Object(ContactForm), 'textField', Array)
#9 /Applications/MAMP/htdocs/yii/framework/web/CBaseController.php(126): require('/Applications/M...')
#10 /Applications/MAMP/htdocs/yii/framework/web/CBaseController.php(95): CBaseController->renderInternal('/Applications/M...', Array, true)
#11 /Applications/MAMP/htdocs/yii/framework/web/CController.php(869): CBaseController->renderFile('/Applications/M...', Array, true)
#12 /Applications/MAMP/htdocs/yii/framework/web/CController.php(782): CController->renderPartial('contact', Array, true)
#13 /Applications/MAMP/htdocs/taxyfood/protected/controllers/SiteController.php(72): CController->render('contact', Array)
#14 /Applications/MAMP/htdocs/yii/framework/web/actions/CInlineAction.php(49): SiteController->actionContact()
#15 /Applications/MAMP/htdocs/yii/framework/web/CController.php(308): CInlineAction->runWithParams(Array)
#16 /Applications/MAMP/htdocs/yii/framework/web/CController.php(286): CController->runAction(Object(CInlineAction))
#17 /Applications/MAMP/htdocs/yii/framework/web/CController.php(265): CController->runActionWithFilters(Object(CInlineAction), Array)
#18 /Applications/MAMP/htdocs/yii/framework/web/CWebApplication.php(282): CController->run('contact')
#19 /Applications/MAMP/htdocs/yii/framework/web/CWebApplication.php(141): CWebApplication->runController('site/contact')
#20 /Applications/MAMP/htdocs/yii/framework/base/CApplication.php(180): CWebApplication->processRequest()
#21 /Applications/MAMP/htdocs/taxyfood/index.php(13): CApplication->run()
#22 {main}
REQUEST_URI=/taxyfood/index.php?r=site/contact
HTTP_REFERER=http://localhost:8888/taxyfood/index.php?r=site/contact
---
2014/01/17 10:52:35 [error] [exception.CException] exception 'CException' with message 'Property "TbDatePicker.hint" is not defined.' in /Applications/MAMP/htdocs/yii/framework/base/CComponent.php:173
Stack trace:
#0 /Applications/MAMP/htdocs/yii/framework/web/CWidgetFactory.php(161): CComponent->__set('hint', 'Click inside! T...')
#1 /Applications/MAMP/htdocs/yii/framework/web/CBaseController.php(146): CWidgetFactory->createWidget(Object(SiteController), 'bootstrap.widge...', Array)
#2 /Applications/MAMP/htdocs/yii/framework/web/CBaseController.php(166): CBaseController->createWidget('bootstrap.widge...', Array)
#3 [internal function]: CBaseController->widget('bootstrap.widge...', Array, true)
#4 /Applications/MAMP/htdocs/taxyfood/protected/extensions/yiibooster-2.1.1/widgets/TbActiveForm.php(1147): call_user_func_array(Array, Array)
#5 /Applications/MAMP/htdocs/taxyfood/protected/extensions/yiibooster-2.1.1/widgets/TbActiveForm.php(1096): TbActiveForm->horizontalFieldRow(Array, Object(ContactForm), 'dateField', Array)
#6 /Applications/MAMP/htdocs/taxyfood/protected/extensions/yiibooster-2.1.1/widgets/TbActiveForm.php(1076): TbActiveForm->customFieldRowInternal(Array, Object(ContactForm), 'dateField', Array)
#7 /Applications/MAMP/htdocs/taxyfood/protected/extensions/yiibooster-2.1.1/widgets/TbActiveForm.php(733): TbActiveForm->widgetRowInternal('bootstrap.widge...', Object(ContactForm), 'dateField', Array, Array)
#8 /Applications/MAMP/htdocs/taxyfood/protected/views/site/contact.php(172): TbActiveForm->datePickerRow(Object(ContactForm), 'dateField', Array)
#9 /Applications/MAMP/htdocs/yii/framework/web/CBaseController.php(126): require('/Applications/M...')
#10 /Applications/MAMP/htdocs/yii/framework/web/CBaseController.php(95): CBaseController->renderInternal('/Applications/M...', Array, true)
#11 /Applications/MAMP/htdocs/yii/framework/web/CController.php(869): CBaseController->renderFile('/Applications/M...', Array, true)
#12 /Applications/MAMP/htdocs/yii/framework/web/CController.php(782): CController->renderPartial('contact', Array, true)
#13 /Applications/MAMP/htdocs/taxyfood/protected/controllers/SiteController.php(72): CController->render('contact', Array)
#14 /Applications/MAMP/htdocs/yii/framework/web/actions/CInlineAction.php(49): SiteController->actionContact()
#15 /Applications/MAMP/htdocs/yii/framework/web/CController.php(308): CInlineAction->runWithParams(Array)
#16 /Applications/MAMP/htdocs/yii/framework/web/CController.php(286): CController->runAction(Object(CInlineAction))
#17 /Applications/MAMP/htdocs/yii/framework/web/CController.php(265): CController->runActionWithFilters(Object(CInlineAction), Array)
#18 /Applications/MAMP/htdocs/yii/framework/web/CWebApplication.php(282): CController->run('contact')
#19 /Applications/MAMP/htdocs/yii/framework/web/CWebApplication.php(141): CWebApplication->runController('site/contact')
#20 /Applications/MAMP/htdocs/yii/framework/base/CApplication.php(180): CWebApplication->processRequest()
#21 /Applications/MAMP/htdocs/taxyfood/index.php(13): CApplication->run()
#22 {main}
REQUEST_URI=/taxyfood/index.php?r=site/contact
---
2014/01/17 12:07:26 [error] [exception.CException] exception 'CException' with message 'Property "TbNavbar.brabd" is not defined.' in /Applications/MAMP/htdocs/yii/framework/base/CComponent.php:173
Stack trace:
#0 /Applications/MAMP/htdocs/yii/framework/web/CWidgetFactory.php(161): CComponent->__set('brabd', '')
#1 /Applications/MAMP/htdocs/yii/framework/web/CBaseController.php(146): CWidgetFactory->createWidget(Object(SiteController), 'bootstrap.widge...', Array)
#2 /Applications/MAMP/htdocs/yii/framework/web/CBaseController.php(172): CBaseController->createWidget('bootstrap.widge...', Array)
#3 /Applications/MAMP/htdocs/taxyfood/protected/views/layouts/main.php(54): CBaseController->widget('bootstrap.widge...', Array)
#4 /Applications/MAMP/htdocs/yii/framework/web/CBaseController.php(126): require('/Applications/M...')
#5 /Applications/MAMP/htdocs/yii/framework/web/CBaseController.php(95): CBaseController->renderInternal('/Applications/M...', Array, true)
#6 /Applications/MAMP/htdocs/yii/framework/web/widgets/CContentDecorator.php(76): CBaseController->renderFile('/Applications/M...', Array, true)
#7 /Applications/MAMP/htdocs/yii/framework/web/widgets/CContentDecorator.php(54): CContentDecorator->decorate('<div id="conten...')
#8 /Applications/MAMP/htdocs/yii/framework/web/widgets/COutputProcessor.php(44): CContentDecorator->processOutput('<div id="conten...')
#9 /Applications/MAMP/htdocs/yii/framework/web/CBaseController.php(206): COutputProcessor->run()
#10 /Applications/MAMP/htdocs/yii/framework/web/CBaseController.php(300): CBaseController->endWidget('CContentDecorat...')
#11 /Applications/MAMP/htdocs/taxyfood/protected/views/layouts/column1.php(6): CBaseController->endContent()
#12 /Applications/MAMP/htdocs/yii/framework/web/CBaseController.php(126): require('/Applications/M...')
#13 /Applications/MAMP/htdocs/yii/framework/web/CBaseController.php(95): CBaseController->renderInternal('/Applications/M...', Array, true)
#14 /Applications/MAMP/htdocs/yii/framework/web/CController.php(784): CBaseController->renderFile('/Applications/M...', Array, true)
#15 /Applications/MAMP/htdocs/taxyfood/protected/controllers/SiteController.php(32): CController->render('index')
#16 /Applications/MAMP/htdocs/yii/framework/web/actions/CInlineAction.php(49): SiteController->actionIndex()
#17 /Applications/MAMP/htdocs/yii/framework/web/CController.php(308): CInlineAction->runWithParams(Array)
#18 /Applications/MAMP/htdocs/yii/framework/web/CController.php(286): CController->runAction(Object(CInlineAction))
#19 /Applications/MAMP/htdocs/yii/framework/web/CController.php(265): CController->runActionWithFilters(Object(CInlineAction), Array)
#20 /Applications/MAMP/htdocs/yii/framework/web/CWebApplication.php(282): CController->run('')
#21 /Applications/MAMP/htdocs/yii/framework/web/CWebApplication.php(141): CWebApplication->runController('')
#22 /Applications/MAMP/htdocs/yii/framework/base/CApplication.php(180): CWebApplication->processRequest()
#23 /Applications/MAMP/htdocs/taxyfood/index.php(13): CApplication->run()
#24 {main}
REQUEST_URI=/taxyfood/
---
